This is pdfTeX, Version 3.1415926-1.40.11 (TeX Live 2010) (format=pdflatex 2010.7.21)  22 APR 2012 15:03
entering extended mode
 \write18 enabled.
 file:line:error style messages enabled.
 %&-line parsing enabled.
**NeisWoodUnsupervisedTrackingWithDDPM.tex
(./NeisWoodUnsupervisedTrackingWithDDPM.tex
LaTeX2e <2009/09/24>
Babel <v3.8l> and hyphenation patterns for english, dumylang, nohyphenation, ge
rman-x-2009-06-19, ngerman-x-2009-06-19, ancientgreek, ibycus, arabic, armenian
, basque, bulgarian, catalan, pinyin, coptic, croatian, czech, danish, dutch, u
kenglish, usenglishmax, esperanto, estonian, farsi, finnish, french, galician, 
german, ngerman, swissgerman, monogreek, greek, hungarian, icelandic, assamese,
 bengali, gujarati, hindi, kannada, malayalam, marathi, oriya, panjabi, tamil, 
telugu, indonesian, interlingua, irish, italian, kurmanji, lao, latin, latvian,
 lithuanian, mongolian, mongolianlmc, bokmal, nynorsk, polish, portuguese, roma
nian, russian, sanskrit, serbian, slovak, slovenian, spanish, swedish, turkish,
 turkmen, ukrainian, uppersorbian, welsh, loaded.
(./svjour3.cls
Document Class: svjour3 2007/05/08 v3.2 
LaTeX document class for Springer journals
(/usr/local/texlive/2010/texmf-dist/tex/latex/base/fleqn.clo
File: fleqn.clo 1998/08/17 v1.1c Standard LaTeX option (flush left equations)
\mathindent=\dimen102
)
Class Springer-SVJour3 Info: extra/valid Springer sub-package (-> *.clo) 
(Springer-SVJour3)           not found in option list of \documentclass
(Springer-SVJour3)           - autoactivating "global" style.
 (./svglov3.clo
File: svglov3.clo 2009/12/18 v3.2 style option for standardised journals

SVJour Class option: svglov3.clo for standardised journals
)
LaTeX Font Info:    Redeclaring math symbol \Gamma on input line 147.
LaTeX Font Info:    Redeclaring math symbol \Delta on input line 148.
LaTeX Font Info:    Redeclaring math symbol \Theta on input line 149.
LaTeX Font Info:    Redeclaring math symbol \Lambda on input line 150.
LaTeX Font Info:    Redeclaring math symbol \Xi on input line 151.
LaTeX Font Info:    Redeclaring math symbol \Pi on input line 152.
LaTeX Font Info:    Redeclaring math symbol \Sigma on input line 153.
LaTeX Font Info:    Redeclaring math symbol \Upsilon on input line 154.
LaTeX Font Info:    Redeclaring math symbol \Phi on input line 155.
LaTeX Font Info:    Redeclaring math symbol \Psi on input line 156.
LaTeX Font Info:    Redeclaring math symbol \Omega on input line 157.
\logodepth=\dimen103
\headerboxheight=\dimen104
\betweenumberspace=\dimen105
\aftertext=\dimen106
\headlineindent=\dimen107
\c@inst=\count79
\c@auth=\count80
\instindent=\dimen108
\authrun=\box26
\authorrunning=\toks14
\titrun=\box27
\titlerunning=\toks15
\combirun=\box28
\c@lastpage=\count81
\rubricwidth=\dimen109
\c@section=\count82
\c@subsection=\count83
\c@subsubsection=\count84
\c@paragraph=\count85
\c@subparagraph=\count86
\spthmsep=\dimen110
\c@theorem=\count87
\c@case=\count88
\c@conjecture=\count89
\c@corollary=\count90
\c@definition=\count91
\c@example=\count92
\c@exercise=\count93
\c@lemma=\count94
\c@note=\count95
\c@problem=\count96
\c@property=\count97
\c@proposition=\count98
\c@question=\count99
\c@solution=\count100
\c@remark=\count101
\c@figure=\count102
\c@table=\count103
\abovecaptionskip=\skip41
\belowcaptionskip=\skip42
\figcapgap=\dimen111
\tabcapgap=\dimen112
\figgap=\dimen113
\bibindent=\dimen114
\@tempcntc=\count104
) (/usr/local/texlive/2010/texmf-dist/tex/latex/natbib/natbib.sty
Package: natbib 2009/11/07 8.31a (PWD, AO)
\bibhang=\skip43
\bibsep=\skip44
LaTeX Info: Redefining \cite on input line 694.
\c@NAT@ctr=\count105
)
(/usr/local/texlive/2010/texmf-dist/tex/latex/amsmath/amsmath.sty
Package: amsmath 2000/07/18 v2.13 AMS math features
\@mathmargin=\skip45

For additional information on amsmath, use the `?' option.
(/usr/local/texlive/2010/texmf-dist/tex/latex/amsmath/amstext.sty
Package: amstext 2000/06/29 v2.01

(/usr/local/texlive/2010/texmf-dist/tex/latex/amsmath/amsgen.sty
File: amsgen.sty 1999/11/30 v2.0
\@emptytoks=\toks16
\ex@=\dimen115
))
(/usr/local/texlive/2010/texmf-dist/tex/latex/amsmath/amsbsy.sty
Package: amsbsy 1999/11/29 v1.2d
\pmbraise@=\dimen116
)
(/usr/local/texlive/2010/texmf-dist/tex/latex/amsmath/amsopn.sty
Package: amsopn 1999/12/14 v2.01 operator names
)
\inf@bad=\count106
LaTeX Info: Redefining \frac on input line 211.
\uproot@=\count107
\leftroot@=\count108
LaTeX Info: Redefining \overline on input line 307.
\classnum@=\count109
\DOTSCASE@=\count110
LaTeX Info: Redefining \ldots on input line 379.
LaTeX Info: Redefining \dots on input line 382.
LaTeX Info: Redefining \cdots on input line 467.
\Mathstrutbox@=\box29
\strutbox@=\box30
\big@size=\dimen117
LaTeX Font Info:    Redeclaring font encoding OML on input line 567.
LaTeX Font Info:    Redeclaring font encoding OMS on input line 568.


Package amsmath Warning: Unable to redefine math accent \vec.

\macc@depth=\count111
\c@MaxMatrixCols=\count112
\dotsspace@=\muskip10
\c@parentequation=\count113
\dspbrk@lvl=\count114
\tag@help=\toks17
\row@=\count115
\column@=\count116
\maxfields@=\count117
\andhelp@=\toks18
\eqnshift@=\dimen118
\alignsep@=\dimen119
\tagshift@=\dimen120
\tagwidth@=\dimen121
\totwidth@=\dimen122
\lineht@=\dimen123
\@envbody=\toks19
\multlinegap=\skip46
\multlinetaggap=\skip47
\mathdisplay@stack=\toks20
LaTeX Info: Redefining \[ on input line 2666.
LaTeX Info: Redefining \] on input line 2667.
) (/usr/local/texlive/2010/texmf-dist/tex/latex/graphics/epsfig.sty
Package: epsfig 1999/02/16 v1.7a (e)psfig emulation (SPQR)

(/usr/local/texlive/2010/texmf-dist/tex/latex/graphics/graphicx.sty
Package: graphicx 1999/02/16 v1.0f Enhanced LaTeX Graphics (DPC,SPQR)

(/usr/local/texlive/2010/texmf-dist/tex/latex/graphics/keyval.sty
Package: keyval 1999/03/16 v1.13 key=value parser (DPC)
\KV@toks@=\toks21
)
(/usr/local/texlive/2010/texmf-dist/tex/latex/graphics/graphics.sty
Package: graphics 2009/02/05 v1.0o Standard LaTeX Graphics (DPC,SPQR)

(/usr/local/texlive/2010/texmf-dist/tex/latex/graphics/trig.sty
Package: trig 1999/03/16 v1.09 sin cos tan (DPC)
)
(/usr/local/texlive/2010/texmf-dist/tex/latex/latexconfig/graphics.cfg
File: graphics.cfg 2010/04/23 v1.9 graphics configuration of TeX Live
)
Package graphics Info: Driver file: pdftex.def on input line 91.

(/usr/local/texlive/2010/texmf-dist/tex/latex/pdftex-def/pdftex.def
File: pdftex.def 2010/02/14 v0.04n Graphics/color for pdfTeX
\Gread@gobject=\count118
))
\Gin@req@height=\dimen124
\Gin@req@width=\dimen125
)
\epsfxsize=\dimen126
\epsfysize=\dimen127
)
(/usr/local/texlive/2010/texmf-dist/tex/latex/amsfonts/amsfonts.sty
Package: amsfonts 2009/06/22 v3.00 Basic AMSFonts support
\symAMSa=\mathgroup4
\symAMSb=\mathgroup5
LaTeX Font Info:    Overwriting math alphabet `\mathfrak' in version `bold'
(Font)                  U/euf/m/n --> U/euf/b/n on input line 96.
)
(/usr/local/texlive/2010/texmf-dist/tex/latex/algorithms/algorithm.sty
Package: algorithm 2009/08/24 v0.1 Document Style `algorithm' - floating enviro
nment

(/usr/local/texlive/2010/texmf-dist/tex/latex/float/float.sty
Package: float 2001/11/08 v1.3d Float enhancements (AL)
\c@float@type=\count119
\float@exts=\toks22
\float@box=\box31
\@float@everytoks=\toks23
\@floatcapt=\box32
)
(/usr/local/texlive/2010/texmf-dist/tex/latex/base/ifthen.sty
Package: ifthen 2001/05/26 v1.1c Standard LaTeX ifthen package (DPC)
)
\@float@every@algorithm=\toks24
\c@algorithm=\count120
)
(/usr/local/texlive/2010/texmf-dist/tex/latex/algorithms/algorithmic.sty
Package: algorithmic 2009/08/24 v0.1 Document Style `algorithmic'
\c@ALC@unique=\count121
\c@ALC@line=\count122
\c@ALC@rem=\count123
\c@ALC@depth=\count124
\ALC@tlm=\skip48
\algorithmicindent=\skip49
)
(/usr/local/texlive/2010/texmf-dist/tex/latex/easy/easybmat.sty
Document Style `easybmat' v1.0 <2001/06/13>.
(/usr/local/texlive/2010/texmf-dist/tex/latex/easy/easy.sty
Document Style `easy' v1.1 <2001/05/31>.
Package: easy 2001/05/31 v1.1
\@easy@level=\count125
\@easy@ncol=\count126
\@easy@nrow=\count127
\@easy@cnt=\count128
\@easy@boxviii=\box33
\@easy@minxviii=\dimen128
\@easy@minyviii=\dimen129
\@easy@maxxviii=\dimen130
\@easy@maxyviii=\dimen131
\@easy@boxvii=\box34
\@easy@minxvii=\dimen132
\@easy@minyvii=\dimen133
\@easy@maxxvii=\dimen134
\@easy@maxyvii=\dimen135
\@easy@boxvi=\box35
\@easy@minxvi=\dimen136
\@easy@minyvi=\dimen137
\@easy@maxxvi=\dimen138
\@easy@maxyvi=\dimen139
\@easy@boxv=\box36
\@easy@minxv=\dimen140
\@easy@minyv=\dimen141
\@easy@maxxv=\dimen142
\@easy@maxyv=\dimen143
\@easy@boxiv=\box37
\@easy@minxiv=\dimen144
\@easy@minyiv=\dimen145
\@easy@maxxiv=\dimen146
\@easy@maxyiv=\dimen147
\@easy@boxiii=\box38
\@easy@minxiii=\dimen148
\@easy@minyiii=\dimen149
\@easy@maxxiii=\dimen150
\@easy@maxyiii=\dimen151
\@easy@boxii=\box39
\@easy@minxii=\dimen152
\@easy@minyii=\dimen153
\@easy@maxxii=\dimen154
\@easy@maxyii=\dimen155
\@easy@boxi=\box40
\@easy@minxi=\dimen156
\@easy@minyi=\dimen157
\@easy@maxxi=\dimen158
\@easy@maxyi=\dimen159
\@easy@hsizexxx=\dimen160
\@easy@vsizexxx=\dimen161
\@easy@hsizexxix=\dimen162
\@easy@vsizexxix=\dimen163
\@easy@hsizexxviii=\dimen164
\@easy@vsizexxviii=\dimen165
\@easy@hsizexxvii=\dimen166
\@easy@vsizexxvii=\dimen167
\@easy@hsizexxvi=\dimen168
\@easy@vsizexxvi=\dimen169
\@easy@hsizexxv=\dimen170
\@easy@vsizexxv=\dimen171
\@easy@hsizexxiv=\dimen172
\@easy@vsizexxiv=\dimen173
\@easy@hsizexxiii=\dimen174
\@easy@vsizexxiii=\dimen175
\@easy@hsizexxii=\dimen176
\@easy@vsizexxii=\dimen177
\@easy@hsizexxi=\dimen178
\@easy@vsizexxi=\dimen179
\@easy@hsizexx=\dimen180
\@easy@vsizexx=\dimen181
\@easy@hsizexix=\dimen182
\@easy@vsizexix=\dimen183
\@easy@hsizexviii=\dimen184
\@easy@vsizexviii=\dimen185
\@easy@hsizexvii=\dimen186
\@easy@vsizexvii=\dimen187
\@easy@hsizexvi=\dimen188
\@easy@vsizexvi=\dimen189
\@easy@hsizexv=\dimen190
\@easy@vsizexv=\dimen191
\@easy@hsizexiv=\dimen192
\@easy@vsizexiv=\dimen193
\@easy@hsizexiii=\dimen194
\@easy@vsizexiii=\dimen195
\@easy@hsizexii=\dimen196
\@easy@vsizexii=\dimen197
\@easy@hsizexi=\dimen198
\@easy@vsizexi=\dimen199
\@easy@hsizex=\dimen200
\@easy@vsizex=\dimen201
\@easy@hsizeix=\dimen202
\@easy@vsizeix=\dimen203
\@easy@hsizeviii=\dimen204
\@easy@vsizeviii=\dimen205
\@easy@hsizevii=\dimen206
\@easy@vsizevii=\dimen207
\@easy@hsizevi=\dimen208
\@easy@vsizevi=\dimen209
\@easy@hsizev=\dimen210
\@easy@vsizev=\dimen211
\@easy@hsizeiv=\dimen212
\@easy@vsizeiv=\dimen213
\@easy@hsizeiii=\dimen214
\@easy@vsizeiii=\dimen215
\@easy@hsizeii=\dimen216
\@easy@vsizeii=\dimen217
\@easy@hsizei=\dimen218
\@easy@vsizei=\dimen219
\@easy@dash@len=\dimen220
\@easy@dash@sep=\dimen221
)
Package: easybmat 2001/05/31 v1.1
\@bmat@size@rule=\dimen222
\@bmat@size@dash=\dimen223
) (/usr/local/texlive/2010/texmf-dist/tex/latex/footmisc/footmisc.sty
Package: footmisc 2009/09/15 v5.5a a miscellany of footnote facilities
\FN@temptoken=\toks25
\footnotemargin=\dimen224
\c@pp@next@reset=\count129
Package footmisc Info: Declaring symbol style bringhurst on input line 855.
Package footmisc Info: Declaring symbol style chicago on input line 863.
Package footmisc Info: Declaring symbol style wiley on input line 872.
Package footmisc Info: Declaring symbol style lamport-robust on input line 883.

Package footmisc Info: Declaring symbol style lamport* on input line 903.
Package footmisc Info: Declaring symbol style lamport*-robust on input line 924
.
)
(/usr/local/texlive/2010/texmf-dist/tex/latex/graphics/color.sty
Package: color 2005/11/14 v1.0j Standard LaTeX Color (DPC)

(/usr/local/texlive/2010/texmf-dist/tex/latex/latexconfig/color.cfg
File: color.cfg 2007/01/18 v1.5 color configuration of teTeX/TeXLive
)
Package color Info: Driver file: pdftex.def on input line 130.

(/usr/local/texlive/2010/texmf-dist/tex/latex/graphics/dvipsnam.def
File: dvipsnam.def 1999/02/16 v3.0i Driver-dependant file (DPC,SPQR)
))
(/usr/local/texlive/2010/texmf-dist/tex/latex/subfig/subfig.sty
Package: subfig 2005/06/28 ver: 1.3 subfig package

(/usr/local/texlive/2010/texmf-dist/tex/latex/caption/caption.sty
Package: caption 2010/01/09 v3.1m Customizing captions (AR)

(/usr/local/texlive/2010/texmf-dist/tex/latex/caption/caption3.sty
Package: caption3 2010/01/14 v3.1m caption3 kernel (AR)
\captionmargin=\dimen225
\captionmargin@=\dimen226
\captionwidth=\dimen227
\caption@indent=\dimen228
\caption@parindent=\dimen229
\caption@hangindent=\dimen230
Package caption Info: Unknown document class (or package),
(caption)             standard defaults will be used on input line 1084.
)

Package caption Warning: Unsupported document class (or package) detected,
(caption)                usage of the caption package is not recommended.
See the caption package documentation for explanation.

Package caption Info: \@makecaption = \long macro:#1#2->\captionstyle \ifx \@ca
ptype \fig@type \vskip \figcapgap \fi \setbox \@tempboxa \hbox {{\floatlegendst
yle #1\floatcounterend }\capstrut #2}\ifdim \wd \@tempboxa >\hsize {\floatlegen
dstyle #1\floatcounterend }\capstrut #2\par \else \hbox to\hsize {\leftlegendgl
ue \unhbox \@tempboxa \hfil }\fi \ifx \@captype \fig@type \else \vskip \tabcapg
ap \fi .
\c@ContinuedFloat=\count130
Package caption Info: float package is loaded.
)
\c@KVtest=\count131
\sf@farskip=\skip50
\sf@captopadj=\dimen231
\sf@capskip=\skip51
\sf@nearskip=\skip52
\c@subfigure=\count132
\c@subfigure@save=\count133
\c@lofdepth=\count134
\c@subtable=\count135
\c@subtable@save=\count136
\c@lotdepth=\count137
\sf@top=\skip53
\sf@bottom=\skip54
) (./NeisWoodUnsupervisedTrackingWithDDPM.aux)
\openout1 = `NeisWoodUnsupervisedTrackingWithDDPM.aux'.

LaTeX Font Info:    Checking defaults for OML/cmm/m/it on input line 23.
LaTeX Font Info:    ... okay on input line 23.
LaTeX Font Info:    Checking defaults for T1/cmr/m/n on input line 23.
LaTeX Font Info:    ... okay on input line 23.
LaTeX Font Info:    Checking defaults for OT1/cmr/m/n on input line 23.
LaTeX Font Info:    ... okay on input line 23.
LaTeX Font Info:    Checking defaults for OMS/cmsy/m/n on input line 23.
LaTeX Font Info:    ... okay on input line 23.
LaTeX Font Info:    Checking defaults for OMX/cmex/m/n on input line 23.
LaTeX Font Info:    ... okay on input line 23.
LaTeX Font Info:    Checking defaults for U/cmr/m/n on input line 23.
LaTeX Font Info:    ... okay on input line 23.

Unknown journal: specify \journalname{<name of your journal>} in preambel

(/usr/local/texlive/2010/texmf-dist/tex/context/base/supp-pdf.mkii
[Loading MPS to PDF converter (version 2006.09.02).]
\scratchcounter=\count138
\scratchdimen=\dimen232
\scratchbox=\box41
\nofMPsegments=\count139
\nofMParguments=\count140
\everyMPshowfont=\toks26
\MPscratchCnt=\count141
\MPscratchDim=\dimen233
\MPnumerator=\count142
\everyMPtoPDFconversion=\toks27
) (/usr/local/texlive/2010/texmf-dist/tex/generic/oberdiek/pdftexcmds.sty
Package: pdftexcmds 2010/04/01 v0.9 Utility functions of pdfTeX for LuaTeX (HO)


(/usr/local/texlive/2010/texmf-dist/tex/generic/oberdiek/infwarerr.sty
Package: infwarerr 2010/04/08 v1.3 Providing info/warning/message (HO)
)
(/usr/local/texlive/2010/texmf-dist/tex/generic/oberdiek/ifluatex.sty
Package: ifluatex 2010/03/01 v1.3 Provides the ifluatex switch (HO)
Package ifluatex Info: LuaTeX not detected.
)
(/usr/local/texlive/2010/texmf-dist/tex/generic/oberdiek/ltxcmds.sty
Package: ltxcmds 2010/04/26 v1.7 LaTeX kernel commands for general use (HO)
)
Package pdftexcmds Info: LuaTeX not detected.
Package pdftexcmds Info: \pdf@primitive is available.
Package pdftexcmds Info: \pdf@ifprimitive is available.
)
(/usr/local/texlive/2010/texmf-dist/tex/latex/oberdiek/epstopdf-base.sty
Package: epstopdf-base 2010/02/09 v2.5 Base part for package epstopdf

(/usr/local/texlive/2010/texmf-dist/tex/latex/oberdiek/grfext.sty
Package: grfext 2007/09/30 v1.0 Managing graphics extensions (HO)
)
(/usr/local/texlive/2010/texmf-dist/tex/latex/oberdiek/kvoptions.sty
Package: kvoptions 2010/02/22 v3.7 Keyval support for LaTeX options (HO)

(/usr/local/texlive/2010/texmf-dist/tex/generic/oberdiek/kvsetkeys.sty
Package: kvsetkeys 2010/03/01 v1.9 Key value parser (HO)

(/usr/local/texlive/2010/texmf-dist/tex/generic/oberdiek/etexcmds.sty
Package: etexcmds 2010/01/28 v1.3 Prefix for e-TeX command names (HO)
Package etexcmds Info: Could not find \expanded.
(etexcmds)             That can mean that you are not using pdfTeX 1.50 or
(etexcmds)             that some package has redefined \expanded.
(etexcmds)             In the latter case, load this package earlier.
)))
Package grfext Info: Graphics extension search list:
(grfext)             [.png,.pdf,.jpg,.mps,.jpeg,.jbig2,.jb2,.PNG,.PDF,.JPG,.JPE
G,.JBIG2,.JB2,.eps]
(grfext)             \AppendGraphicsExtensions on input line 436.

(/usr/local/texlive/2010/texmf-dist/tex/latex/latexconfig/epstopdf-sys.cfg
File: epstopdf-sys.cfg 2010/07/13 v1.3 Configuration of (r)epstopdf for TeX Liv
e
))
Package caption Info: Begin \AtBeginDocument code.
Package caption3 Info: subfig package 1.2 or 1.3 is loaded.
LaTeX Info: Redefining \subref on input line 23.
Package caption Info: End \AtBeginDocument code.

SVJour3 warning: Missing \journalname

LaTeX Font Warning: Font shape `OT1/cmr/bx/n' in size <16> not available
(Font)              size <17.28> substituted on input line 35.

LaTeX Font Info:    Try loading font information for U+msa on input line 35.
(/usr/local/texlive/2010/texmf-dist/tex/latex/amsfonts/umsa.fd
File: umsa.fd 2009/06/22 v3.00 AMS symbols A
)
LaTeX Font Info:    Try loading font information for U+msb on input line 35.

(/usr/local/texlive/2010/texmf-dist/tex/latex/amsfonts/umsb.fd
File: umsb.fd 2009/06/22 v3.00 AMS symbols B
)
LaTeX Font Info:    Calculating math sizes for size <8.5> on input line 35.


LaTeX Font Warning: Font shape `OML/cmm/m/it' in size <8.5> not available
(Font)              size <8> substituted on input line 35.


LaTeX Font Warning: Font shape `OML/cmm/m/it' in size <4.25> not available
(Font)              size <5> substituted on input line 35.


LaTeX Font Warning: Font shape `OMS/cmsy/m/n' in size <8.5> not available
(Font)              size <8> substituted on input line 35.


LaTeX Font Warning: Font shape `OMS/cmsy/m/n' in size <4.25> not available
(Font)              size <5> substituted on input line 35.


Underfull \hbox (badness 10000) in paragraph at lines 35--35
[][]$[]$\OT1/cmr/m/n/8.5 Columbia Uni-ver-sity, De-part-ment of Ap-plied Math
 []


Underfull \hbox (badness 10000) in paragraph at lines 35--35
\OT1/cmr/m/n/8.5 and Ap-plied Physics. Tel.: 503-464-6152. E-mail:
 []


Underfull \hbox (badness 10000) in paragraph at lines 35--35
\OT1/cmr/m/n/8.5 wdn2101@columbia.edu $\OMS/cmsy/m/n/8 ^^A$ $[]$\OT1/cmr/m/n/8.
5 Columbia Uni-ver-sity, De-
 []


Underfull \hbox (badness 10000) in paragraph at lines 35--35
\OT1/cmr/m/n/8.5 part-ment of Statis-tics. Tel.: 212-851-2150. E-mail:
 []

[1{/usr/local/texlive/2010/texmf-var/fonts/map/pdftex/updmap/pdftex.map}


]
Underfull \vbox (badness 2426) has occurred while \output is active []

 [2]
<usbh_frame_723.pdf, id=16, 321.2pt x 180.675pt>
File: usbh_frame_723.pdf Graphic file (type pdf)
 <use usbh_frame_723.pdf>
<usbh_frame_724.pdf, id=17, 321.2pt x 180.675pt>
File: usbh_frame_724.pdf Graphic file (type pdf)
 <use usbh_frame_724.pdf>
<usbh_framediff.png, id=18, 532.389pt x 306.4248pt>
File: usbh_framediff.png Graphic file (type png)
 <use usbh_framediff.png>
<traffic2_frame1.png, id=20, 513.92pt x 513.92pt>
File: traffic2_frame1.png Graphic file (type png)
 <use traffic2_frame1.png>
<traffic2_frame2.png, id=21, 513.92pt x 513.92pt>
File: traffic2_frame2.png Graphic file (type png)
 <use traffic2_frame2.png>
<traffic2_framediff.png, id=22, 326.1786pt x 326.6604pt>
File: traffic2_framediff.png Graphic file (type png)

<use traffic2_framediff.png>
<pets2009_frame1.png, id=23, 560.0925pt x 420.06938pt>
File: pets2009_frame1.png Graphic file (type png)

<use pets2009_frame1.png>
<pets2009_frame2.png, id=24, 560.0925pt x 420.06938pt>
File: pets2009_frame2.png Graphic file (type png)

<use pets2009_frame2.png>
<pets2009_framediff.png, id=25, 560.0925pt x 420.06938pt>
File: pets2009_framediff.png Graphic file (type png)

<use pets2009_framediff.png>
<longimg_7_detail_7.pdf, id=26, 702.17348pt x 284.38602pt>
File: longimg_7_detail_7.pdf Graphic file (type pdf)

<use longimg_7_detail_7.pdf>

LaTeX Warning: Float too large for page by 47.34242pt on input line 99.


Package amsfonts Warning: Obsolete command \bold; \mathbf should be used instea
d on input line 112.


Overfull \hbox (4.06406pt too wide) in paragraph at lines 131--132
\OT1/cmr/m/n/10 and may dis-ap-pear, or ``die'', at in-ter-me-di-ate time steps
).
 []

[3] [4 <./usbh_frame_723.pdf> <./usbh_frame_724.pdf> <./usbh_framediff.png> <./
traffic2_frame1.png (PNG copy)> <./traffic2_frame2.png (PNG copy)> <./traffic2_
framediff.png> <./pets2009_frame1.png> <./pets2009_frame2.png> <./pets2009_fram
ediff.png> <./longimg_7_detail_7.pdf>]
<gpuddp_gm_1.pdf, id=111, 498.34285pt x 352.47043pt>
File: gpuddp_gm_1.pdf Graphic file (type pdf)
 <use gpuddp_gm_1.pdf>
Overfull \hbox (2.64731pt too wide) in paragraph at lines 192--193
\OT1/cmr/m/n/10 ance prior, and ob-ject move-ment, re-spec-tively. Our spec-
 []

[5 <./gpuddp_gm_1.pdf>]
Overfull \hbox (2.6195pt too wide) in paragraph at lines 227--229
\OT1/cmr/m/n/10 for a given clus-ter with pa-ram-e-ters $\OML/cmm/m/it/10 ^^R$\
OT1/cmr/m/n/10 . One way to achieve
 []

[6]
Underfull \hbox (badness 3199) in paragraph at lines 277--278
[]\OT1/cmr/m/n/10 Scale fac-tor of the multi-no-mial
 []


Underfull \hbox (badness 10000) in paragraph at lines 285--286
[]\OT1/cmr/m/n/10 Number of aux-il-iary vari-ables.
 []


Underfull \hbox (badness 1158) in paragraph at lines 285--286
\OT1/cmr/m/n/10 A larger num-ber will pro-duce a
 []


Overfull \hbox (4.17506pt too wide) in paragraph at lines 307--308
\OT1/cmr/m/n/10 Bayesian in-fer-ence is used to achieve de-tec-tion and track-
 []

<gpuddp_gm_3.pdf, id=123, 500.23505pt x 348.83464pt>
File: gpuddp_gm_3.pdf Graphic file (type pdf)
 <use gpuddp_gm_3.pdf>

LaTeX Warning: `h' float specifier changed to `ht'.

[7]
Overfull \hbox (2.7863pt too wide) in paragraph at lines 406--408
\OT1/cmr/m/n/10 taken to be the ``ob-ser-va-tions'' for the fol-low-ing Bayesia
n
 []

[8 <./gpuddp_gm_3.pdf>]
Overfull \hbox (5.96579pt too wide) detected at line 482
$[] []$  
 []


LaTeX Warning: No positions in optional float specifier.
               Default added (so using `!htbp') on input line 485.


LaTeX Font Warning: Font shape `OT1/cmr/bx/n' in size <8.5> not available
(Font)              size <8> substituted on input line 489.


LaTeX Font Warning: Font shape `OT1/cmr/bx/n' in size <4.25> not available
(Font)              size <5> substituted on input line 489.

[9] [10]
Overfull \hbox (0.36957pt too wide) in paragraph at lines 606--607
[]\OT1/cmr/m/n/10 The above met-rics are de-pen-dent upon ground-truth
 []


Overfull \hbox (4.31396pt too wide) in paragraph at lines 606--607
\OT1/cmr/m/n/10 de-scribed be-low, we recorded the syn-thetic video ground-
 []


LaTeX Warning: No positions in optional float specifier.
               Default added (so using `!tbp') on input line 623.

<synth1_cross.pdf, id=153, 439.11426pt x 451.24294pt>
File: synth1_cross.pdf Graphic file (type pdf)
 <use synth1_cross.pdf>
<synth1_bounce.pdf, id=154, 438.92323pt x 452.38892pt>
File: synth1_bounce.pdf Graphic file (type pdf)
 <use synth1_bounce.pdf>
<synth4.pdf, id=155, 442.36128pt x 452.43669pt>
File: synth4.pdf Graphic file (type pdf)
 <use synth4.pdf> [11]
Overfull \hbox (5.42506pt too wide) in paragraph at lines 634--635
\OT1/cmr/m/n/10 size $20$ $\OMS/cmsy/m/n/10 ^^B$ $\OT1/cmr/m/n/10 20$ pix-els) 
and a blue square (rgb value $[0\OML/cmm/m/it/10 ; \OT1/cmr/m/n/10 0\OML/cmm/m/
it/10 ; \OT1/cmr/m/n/10 255]$
 []


Underfull \vbox (badness 10000) has occurred while \output is active []


Overfull \hbox (2.33313pt too wide) in paragraph at lines 636--637
\OT1/cmr/m/n/10 (0\OML/cmm/m/it/10 ; \OT1/cmr/m/n/10 0)\OML/cmm/m/it/10 ; ^^T[]
 \OT1/cmr/m/n/10 = 0\OML/cmm/m/it/10 :\OT1/cmr/m/n/10 05\OML/cmm/m/it/10 ; ^^W[
] \OT1/cmr/m/n/10 = 5\OML/cmm/m/it/10 ; ^^C[] \OT1/cmr/m/n/10 = []$, and $\OT1/
cmr/bx/n/10 q[] \OT1/cmr/m/n/10 = (5\OML/cmm/m/it/10 ; [] ; \OT1/cmr/m/n/10 5)$
.
 []


Underfull \vbox (badness 10000) has occurred while \output is active []

 [12 <./synth1_cross.pdf> <./synth1_bounce.pdf> <./synth4.pdf>]

LaTeX Warning: No positions in optional float specifier.
               Default added (so using `!tbp') on input line 643.

<pets2000_front.pdf, id=220, 443.69989pt x 447.37509pt>
File: pets2000_front.pdf Graphic file (type pdf)

<use pets2000_front.pdf>
<pets2001_back.pdf, id=221, 438.55562pt x 452.33531pt>
File: pets2001_back.pdf Graphic file (type pdf)
 <use pets2001_back.pdf>
<pets2000_f1_w.pdf, id=222, 588.15216pt x 401.15613pt>
File: pets2000_f1_w.pdf Graphic file (type pdf)
 <use pets2000_f1_w.pdf>
<pets2000_f4_w.pdf, id=223, 587.88315pt x 401.27577pt>
File: pets2000_f4_w.pdf Graphic file (type pdf)
 <use pets2000_f4_w.pdf>
<pets2000_f9_w.pdf, id=224, 588.07204pt x 401.15662pt>
File: pets2000_f9_w.pdf Graphic file (type pdf)
 <use pets2000_f9_w.pdf>
<pets2000_f11_w.pdf, id=225, 587.88506pt x 401.24011pt>
File: pets2000_f11_w.pdf Graphic file (type pdf)

<use pets2000_f11_w.pdf> <pets2001_f1_w.pdf, id=226, 587.99472pt x 401.1758pt>
File: pets2001_f1_w.pdf Graphic file (type pdf)

<use pets2001_f1_w.pdf> <pets2001_f3_w.pdf, id=227, 588.07123pt x 401.14488pt>
File: pets2001_f3_w.pdf Graphic file (type pdf)

<use pets2001_f3_w.pdf> <pets2001_f5_w.pdf, id=228, 588.23677pt x 401.37422pt>
File: pets2001_f5_w.pdf Graphic file (type pdf)

<use pets2001_f5_w.pdf> <pets2001_f8_w.pdf, id=229, 587.98167pt x 401.16243pt>
File: pets2001_f8_w.pdf Graphic file (type pdf)

<use pets2001_f8_w.pdf>
Overfull \hbox (0.70293pt too wide) in paragraph at lines 663--664
\OT1/cmr/m/n/10 which to fo-cus. Three com-monly used bench-mark videos
 []


LaTeX Warning: No positions in optional float specifier.
               Default added (so using `!tbp') on input line 665.

<pets2000_pm_v2.pdf, id=230, 350.82527pt x 273.72864pt>
File: pets2000_pm_v2.pdf Graphic file (type pdf)

<use pets2000_pm_v2.pdf>
<pets2001_pm_v2.pdf, id=231, 351.26933pt x 273.94757pt>
File: pets2001_pm_v2.pdf Graphic file (type pdf)

<use pets2001_pm_v2.pdf>
Overfull \hbox (1.36961pt too wide) in paragraph at lines 679--680
\OT1/cmr/m/n/10 are dis-played in Fig-ure 5a[] and for the PETS2001 dataset
 []


LaTeX Warning: No positions in optional float specifier.
               Default added (so using `!tbp') on input line 689.

<pets2009_1-50_front.pdf, id=232, 415.81198pt x 459.55156pt>
File: pets2009_1-50_front.pdf Graphic file (type pdf)

<use pets2009_1-50_front.pdf>
<pets2009full_pm_b_v2.pdf, id=233, 300.08902pt x 273.59215pt>
File: pets2009full_pm_b_v2.pdf Graphic file (type pdf)

<use pets2009full_pm_b_v2.pdf>
<pets2009_f3_w.pdf, id=234, 614.295pt x 474.28392pt>
File: pets2009_f3_w.pdf Graphic file (type pdf)
 <use pets2009_f3_w.pdf>
<pets2009_f6_w.pdf, id=235, 614.295pt x 474.26395pt>
File: pets2009_f6_w.pdf Graphic file (type pdf)
 <use pets2009_f6_w.pdf>
<pets2009_f13_w.pdf, id=236, 614.295pt x 474.11458pt>
File: pets2009_f13_w.pdf Graphic file (type pdf)
 <use pets2009_f13_w.pdf>
<pets2009_f14_w.pdf, id=237, 614.295pt x 474.15315pt>
File: pets2009_f14_w.pdf Graphic file (type pdf)
 <use pets2009_f14_w.pdf>
Overfull \hbox (0.36852pt too wide) in paragraph at lines 704--705
\OT1/cmr/m/n/10 this video, the SMC al-go-rithm (de-scribed in Sec-tion 6.2[])
 []


Overfull \hbox (1.67569pt too wide) in paragraph at lines 706--707
\OT1/cmr/m/n/10 10\OML/cmm/m/it/10 ; [][] \OT1/cmr/m/n/10 = (0\OML/cmm/m/it/10 
; \OT1/cmr/m/n/10 0)\OML/cmm/m/it/10 ; ^^T[] \OT1/cmr/m/n/10 = 0\OML/cmm/m/it/1
0 :\OT1/cmr/m/n/10 05\OML/cmm/m/it/10 ; ^^W[] \OT1/cmr/m/n/10 = 6\OML/cmm/m/it/
10 ; ^^C[] \OT1/cmr/m/n/10 = [] \OML/cmm/m/it/10 ; []\OT1/cmr/bx/n/10 q[] \OT1/
cmr/m/n/10 =
 []


Overfull \hbox (2.34166pt too wide) in paragraph at lines 706--707
\OT1/cmr/m/n/10 (3\OML/cmm/m/it/10 ; [] ; \OT1/cmr/m/n/10 3)$. Ad-di-tion-ally,
 as with the other video datasets,
 []

[13]
Underfull \vbox (badness 10000) has occurred while \output is active []


Underfull \vbox (badness 10000) has occurred while \output is active []

 [14 <./pets2000_front.pdf> <./pets2001_back.pdf> <./pets2000_f1_w.pdf> <./pets
2000_f4_w.pdf> <./pets2000_f9_w.pdf> <./pets2000_f11_w.pdf> <./pets2001_f1_w.pd
f> <./pets2001_f3_w.pdf> <./pets2001_f5_w.pdf> <./pets2001_f8_w.pdf>]

LaTeX Font Warning: Font shape `OT1/cmr/m/sc' in size <8.5> not available
(Font)              size <8> substituted on input line 721.


Overfull \hbox (5.72014pt too wide) in paragraph at lines 743--744
\OT1/cmr/m/n/10 ra-cies. The $\OML/cmm/m/it/10 $ \OT1/cmr/m/n/10 val-ues teste
d in-cluded $\OMS/cmsy/m/n/10 f\OT1/cmr/m/n/10 0\OML/cmm/m/it/10 :\OT1/cmr/m/n/
10 01\OML/cmm/m/it/10 ; \OT1/cmr/m/n/10 0\OML/cmm/m/it/10 :\OT1/cmr/m/n/10 1\OM
L/cmm/m/it/10 ; \OT1/cmr/m/n/10 1\OML/cmm/m/it/10 ; \OT1/cmr/m/n/10 10\OML/cmm/
m/it/10 ; \OT1/cmr/m/n/10 100\OMS/cmsy/m/n/10 g$\OT1/cmr/m/n/10 ,
 []


Overfull \hbox (3.26187pt too wide) in paragraph at lines 743--744
\OT1/cmr/m/n/10 and the $\OML/cmm/m/it/10 ^^Z$ \OT1/cmr/m/n/10 val-ues tested i
n-cluded $\OMS/cmsy/m/n/10 f\OT1/cmr/m/n/10 0\OML/cmm/m/it/10 :\OT1/cmr/m/n/10 
7\OML/cmm/m/it/10 ; \OT1/cmr/m/n/10 0\OML/cmm/m/it/10 :\OT1/cmr/m/n/10 75\OML/c
mm/m/it/10 ; \OT1/cmr/m/n/10 0\OML/cmm/m/it/10 :\OT1/cmr/m/n/10 8\OML/cmm/m/it/
10 ; \OT1/cmr/m/n/10 0\OML/cmm/m/it/10 :\OT1/cmr/m/n/10 85\OML/cmm/m/it/10 ; \O
T1/cmr/m/n/10 0\OML/cmm/m/it/10 :\OT1/cmr/m/n/10 9\OMS/cmsy/m/n/10 g$\OT1/cmr/m
/n/10 . 
 []

[15 <./pets2000_pm_v2.pdf> <./pets2001_pm_v2.pdf>]
Underfull \vbox (badness 10000) has occurred while \output is active []


(./NeisWoodUnsupervisedTrackingWithDDPM.bbl

LaTeX Font Warning: Font shape `OT1/cmr/m/it' in size <8.5> not available
(Font)              size <8> substituted on input line 14.

[16 <./pets2009_1-50_front.pdf> <./pets2009full_pm_b_v2.pdf> <./pets2009_f3_w.p
df> <./pets2009_f6_w.pdf> <./pets2009_f13_w.pdf> <./pets2009_f14_w.pdf>]
Underfull \vbox (badness 10000) has occurred while \output is active []


Underfull \vbox (badness 10000) has occurred while \output is active []

 [17]
Underfull \vbox (badness 10000) has occurred while \output is active []


Underfull \hbox (badness 4120) in paragraph at lines 356--360
[]\OT1/cmr/m/n/8.5 A. Se-nior, A. Ham-papur, Y.L. Tian, L. Brown,
 []

) [18] [19] [20]
Overfull \hbox (0.56549pt too wide) in paragraph at lines 896--898
\OT1/cmr/m/n/8.5 where $\OMS/cmsy/m/n/8 9 []$ \OT1/cmr/m/n/8.5 yields a 1 if ei
-ther a de-tected or ground-
 []


Overfull \hbox (0.8814pt too wide) in paragraph at lines 902--904
\OT1/cmr/m/n/8.5 where $\OML/cmm/m/it/8 N[]$ \OT1/cmr/m/n/8.5 refers to an op-t
i-mal map-ping be-tween ground-
 []

[21

] (./NeisWoodUnsupervisedTrackingWithDDPM.aux)

LaTeX Font Warning: Size substitutions with differences
(Font)              up to 2.875pt have occurred.

 ) 
Here is how much of TeX's memory you used:
 5094 strings out of 493747
 76735 string characters out of 3143546
 165083 words of memory out of 3000000
 8269 multiletter control sequences out of 15000+200000
 17106 words of font info for 66 fonts, out of 3000000 for 9000
 714 hyphenation exceptions out of 8191
 44i,23n,45p,2140b,803s stack positions out of 5000i,500n,10000p,200000b,50000s
</usr/local/texlive/2010/texmf-dist/fonts/type1/public/amsfonts/cm/cmbx10.pfb
></usr/local/texlive/2010/texmf-dist/fonts/type1/public/amsfonts/cm/cmbx12.pfb>
</usr/local/texlive/2010/texmf-dist/fonts/type1/public/amsfonts/cm/cmbx6.pfb></
usr/local/texlive/2010/texmf-dist/fonts/type1/public/amsfonts/cm/cmbx7.pfb></us
r/local/texlive/2010/texmf-dist/fonts/type1/public/amsfonts/cm/cmbx8.pfb></usr/
local/texlive/2010/texmf-dist/fonts/type1/public/amsfonts/cm/cmcsc10.pfb></usr/
local/texlive/2010/texmf-dist/fonts/type1/public/amsfonts/cm/cmex10.pfb></usr/l
ocal/texlive/2010/texmf-dist/fonts/type1/public/amsfonts/cmextra/cmex7.pfb></us
r/local/texlive/2010/texmf-dist/fonts/type1/public/amsfonts/cmextra/cmex9.pfb><
/usr/local/texlive/2010/texmf-dist/fonts/type1/public/amsfonts/cm/cmmi10.pfb></
usr/local/texlive/2010/texmf-dist/fonts/type1/public/amsfonts/cm/cmmi5.pfb></us
r/local/texlive/2010/texmf-dist/fonts/type1/public/amsfonts/cm/cmmi6.pfb></usr/
local/texlive/2010/texmf-dist/fonts/type1/public/amsfonts/cm/cmmi7.pfb></usr/lo
cal/texlive/2010/texmf-dist/fonts/type1/public/amsfonts/cm/cmmi8.pfb></usr/loca
l/texlive/2010/texmf-dist/fonts/type1/public/amsfonts/cm/cmmib10.pfb></usr/loca
l/texlive/2010/texmf-dist/fonts/type1/public/amsfonts/cm/cmr10.pfb></usr/local/
texlive/2010/texmf-dist/fonts/type1/public/amsfonts/cm/cmr5.pfb></usr/local/tex
live/2010/texmf-dist/fonts/type1/public/amsfonts/cm/cmr7.pfb></usr/local/texliv
e/2010/texmf-dist/fonts/type1/public/amsfonts/cm/cmr8.pfb></usr/local/texlive/2
010/texmf-dist/fonts/type1/public/amsfonts/cm/cmsy10.pfb></usr/local/texlive/20
10/texmf-dist/fonts/type1/public/amsfonts/cm/cmsy5.pfb></usr/local/texlive/2010
/texmf-dist/fonts/type1/public/amsfonts/cm/cmsy6.pfb></usr/local/texlive/2010/t
exmf-dist/fonts/type1/public/amsfonts/cm/cmsy7.pfb></usr/local/texlive/2010/tex
mf-dist/fonts/type1/public/amsfonts/cm/cmsy8.pfb></usr/local/texlive/2010/texmf
-dist/fonts/type1/public/amsfonts/cm/cmti10.pfb></usr/local/texlive/2010/texmf-
dist/fonts/type1/public/amsfonts/cm/cmti8.pfb></usr/local/texlive/2010/texmf-di
st/fonts/type1/public/amsfonts/symbols/msbm10.pfb>
Output written on NeisWoodUnsupervisedTrackingWithDDPM.pdf (21 pages, 4492179 b
ytes).
PDF statistics:
 641 PDF objects out of 1000 (max. 8388607)
 448 compressed objects within 5 object streams
 0 named destinations out of 1000 (max. 500000)
 166 words of extra memory for PDF output out of 10000 (max. 10000000)

