This is pdfTeX, Version 3.1415926-1.40.11 (TeX Live 2010) (format=pdflatex 2010.7.21)  27 SEP 2011 21:38
entering extended mode
 \write18 enabled.
 file:line:error style messages enabled.
 %&-line parsing enabled.
**paper_draft.tex
(./paper_draft.tex
LaTeX2e <2009/09/24>
Babel <v3.8l> and hyphenation patterns for english, dumylang, nohyphenation, ge
rman-x-2009-06-19, ngerman-x-2009-06-19, ancientgreek, ibycus, arabic, armenian
, basque, bulgarian, catalan, pinyin, coptic, croatian, czech, danish, dutch, u
kenglish, usenglishmax, esperanto, estonian, farsi, finnish, french, galician, 
german, ngerman, swissgerman, monogreek, greek, hungarian, icelandic, assamese,
 bengali, gujarati, hindi, kannada, malayalam, marathi, oriya, panjabi, tamil, 
telugu, indonesian, interlingua, irish, italian, kurmanji, lao, latin, latvian,
 lithuanian, mongolian, mongolianlmc, bokmal, nynorsk, polish, portuguese, roma
nian, russian, sanskrit, serbian, slovak, slovenian, spanish, swedish, turkish,
 turkmen, ukrainian, uppersorbian, welsh, loaded.
(/usr/local/texlive/2010/texmf-dist/tex/latex/base/article.cls
Document Class: article 2007/10/19 v1.4h Standard LaTeX document class
(/usr/local/texlive/2010/texmf-dist/tex/latex/base/size10.clo
File: size10.clo 2007/10/19 v1.4h Standard LaTeX file (size option)
)
\c@part=\count79
\c@section=\count80
\c@subsection=\count81
\c@subsubsection=\count82
\c@paragraph=\count83
\c@subparagraph=\count84
\c@figure=\count85
\c@table=\count86
\abovecaptionskip=\skip41
\belowcaptionskip=\skip42
\bibindent=\dimen102
)
(/usr/local/texlive/2010/texmf-dist/tex/latex/natbib/natbib.sty
Package: natbib 2009/11/07 8.31a (PWD, AO)
\bibhang=\skip43
\bibsep=\skip44
LaTeX Info: Redefining \cite on input line 694.
\c@NAT@ctr=\count87
)
(/usr/local/texlive/2010/texmf-dist/tex/latex/amsmath/amsmath.sty
Package: amsmath 2000/07/18 v2.13 AMS math features
\@mathmargin=\skip45

For additional information on amsmath, use the `?' option.
(/usr/local/texlive/2010/texmf-dist/tex/latex/amsmath/amstext.sty
Package: amstext 2000/06/29 v2.01

(/usr/local/texlive/2010/texmf-dist/tex/latex/amsmath/amsgen.sty
File: amsgen.sty 1999/11/30 v2.0
\@emptytoks=\toks14
\ex@=\dimen103
))
(/usr/local/texlive/2010/texmf-dist/tex/latex/amsmath/amsbsy.sty
Package: amsbsy 1999/11/29 v1.2d
\pmbraise@=\dimen104
)
(/usr/local/texlive/2010/texmf-dist/tex/latex/amsmath/amsopn.sty
Package: amsopn 1999/12/14 v2.01 operator names
)
\inf@bad=\count88
LaTeX Info: Redefining \frac on input line 211.
\uproot@=\count89
\leftroot@=\count90
LaTeX Info: Redefining \overline on input line 307.
\classnum@=\count91
\DOTSCASE@=\count92
LaTeX Info: Redefining \ldots on input line 379.
LaTeX Info: Redefining \dots on input line 382.
LaTeX Info: Redefining \cdots on input line 467.
\Mathstrutbox@=\box26
\strutbox@=\box27
\big@size=\dimen105
LaTeX Font Info:    Redeclaring font encoding OML on input line 567.
LaTeX Font Info:    Redeclaring font encoding OMS on input line 568.
\macc@depth=\count93
\c@MaxMatrixCols=\count94
\dotsspace@=\muskip10
\c@parentequation=\count95
\dspbrk@lvl=\count96
\tag@help=\toks15
\row@=\count97
\column@=\count98
\maxfields@=\count99
\andhelp@=\toks16
\eqnshift@=\dimen106
\alignsep@=\dimen107
\tagshift@=\dimen108
\tagwidth@=\dimen109
\totwidth@=\dimen110
\lineht@=\dimen111
\@envbody=\toks17
\multlinegap=\skip46
\multlinetaggap=\skip47
\mathdisplay@stack=\toks18
LaTeX Info: Redefining \[ on input line 2666.
LaTeX Info: Redefining \] on input line 2667.
)
(/usr/local/texlive/2010/texmf-dist/tex/latex/graphics/epsfig.sty
Package: epsfig 1999/02/16 v1.7a (e)psfig emulation (SPQR)

(/usr/local/texlive/2010/texmf-dist/tex/latex/graphics/graphicx.sty
Package: graphicx 1999/02/16 v1.0f Enhanced LaTeX Graphics (DPC,SPQR)

(/usr/local/texlive/2010/texmf-dist/tex/latex/graphics/keyval.sty
Package: keyval 1999/03/16 v1.13 key=value parser (DPC)
\KV@toks@=\toks19
)
(/usr/local/texlive/2010/texmf-dist/tex/latex/graphics/graphics.sty
Package: graphics 2009/02/05 v1.0o Standard LaTeX Graphics (DPC,SPQR)

(/usr/local/texlive/2010/texmf-dist/tex/latex/graphics/trig.sty
Package: trig 1999/03/16 v1.09 sin cos tan (DPC)
)
(/usr/local/texlive/2010/texmf-dist/tex/latex/latexconfig/graphics.cfg
File: graphics.cfg 2010/04/23 v1.9 graphics configuration of TeX Live
)
Package graphics Info: Driver file: pdftex.def on input line 91.

(/usr/local/texlive/2010/texmf-dist/tex/latex/pdftex-def/pdftex.def
File: pdftex.def 2010/02/14 v0.04n Graphics/color for pdfTeX
\Gread@gobject=\count100
))
\Gin@req@height=\dimen112
\Gin@req@width=\dimen113
)
\epsfxsize=\dimen114
\epsfysize=\dimen115
)
(/usr/local/texlive/2010/texmf-dist/tex/latex/amsfonts/amsfonts.sty
Package: amsfonts 2009/06/22 v3.00 Basic AMSFonts support
\symAMSa=\mathgroup4
\symAMSb=\mathgroup5
LaTeX Font Info:    Overwriting math alphabet `\mathfrak' in version `bold'
(Font)                  U/euf/m/n --> U/euf/b/n on input line 96.
)
(/usr/local/texlive/2010/texmf-dist/tex/latex/subfigure/subfigure.sty
Package: subfigure 2002/03/15 v2.1.5 subfigure package
\subfigtopskip=\skip48
\subfigcapskip=\skip49
\subfigcaptopadj=\dimen116
\subfigbottomskip=\skip50
\subfigcapmargin=\dimen117
\subfiglabelskip=\skip51
\c@subfigure=\count101
\c@lofdepth=\count102
\c@subtable=\count103
\c@lotdepth=\count104

****************************************
* Local config file subfigure.cfg used *
****************************************
(/usr/local/texlive/2010/texmf-dist/tex/latex/subfigure/subfigure.cfg)
\subfig@top=\skip52
\subfig@bottom=\skip53
)
(/usr/local/texlive/2010/texmf-dist/tex/latex/algorithms/algorithm.sty
Package: algorithm 2009/08/24 v0.1 Document Style `algorithm' - floating enviro
nment

(/usr/local/texlive/2010/texmf-dist/tex/latex/float/float.sty
Package: float 2001/11/08 v1.3d Float enhancements (AL)
\c@float@type=\count105
\float@exts=\toks20
\float@box=\box28
\@float@everytoks=\toks21
\@floatcapt=\box29
)
(/usr/local/texlive/2010/texmf-dist/tex/latex/base/ifthen.sty
Package: ifthen 2001/05/26 v1.1c Standard LaTeX ifthen package (DPC)
)
\@float@every@algorithm=\toks22
\c@algorithm=\count106
)
(/usr/local/texlive/2010/texmf-dist/tex/latex/algorithms/algorithmic.sty
Package: algorithmic 2009/08/24 v0.1 Document Style `algorithmic'
\c@ALC@unique=\count107
\c@ALC@line=\count108
\c@ALC@rem=\count109
\c@ALC@depth=\count110
\ALC@tlm=\skip54
\algorithmicindent=\skip55
)
(/usr/local/texlive/2010/texmf-dist/tex/latex/easy/easybmat.sty
Document Style `easybmat' v1.0 <2001/06/13>.
(/usr/local/texlive/2010/texmf-dist/tex/latex/easy/easy.sty
Document Style `easy' v1.1 <2001/05/31>.
Package: easy 2001/05/31 v1.1
\@easy@level=\count111
\@easy@ncol=\count112
\@easy@nrow=\count113
\@easy@cnt=\count114
\@easy@boxviii=\box30
\@easy@minxviii=\dimen118
\@easy@minyviii=\dimen119
\@easy@maxxviii=\dimen120
\@easy@maxyviii=\dimen121
\@easy@boxvii=\box31
\@easy@minxvii=\dimen122
\@easy@minyvii=\dimen123
\@easy@maxxvii=\dimen124
\@easy@maxyvii=\dimen125
\@easy@boxvi=\box32
\@easy@minxvi=\dimen126
\@easy@minyvi=\dimen127
\@easy@maxxvi=\dimen128
\@easy@maxyvi=\dimen129
\@easy@boxv=\box33
\@easy@minxv=\dimen130
\@easy@minyv=\dimen131
\@easy@maxxv=\dimen132
\@easy@maxyv=\dimen133
\@easy@boxiv=\box34
\@easy@minxiv=\dimen134
\@easy@minyiv=\dimen135
\@easy@maxxiv=\dimen136
\@easy@maxyiv=\dimen137
\@easy@boxiii=\box35
\@easy@minxiii=\dimen138
\@easy@minyiii=\dimen139
\@easy@maxxiii=\dimen140
\@easy@maxyiii=\dimen141
\@easy@boxii=\box36
\@easy@minxii=\dimen142
\@easy@minyii=\dimen143
\@easy@maxxii=\dimen144
\@easy@maxyii=\dimen145
\@easy@boxi=\box37
\@easy@minxi=\dimen146
\@easy@minyi=\dimen147
\@easy@maxxi=\dimen148
\@easy@maxyi=\dimen149
\@easy@hsizexxx=\dimen150
\@easy@vsizexxx=\dimen151
\@easy@hsizexxix=\dimen152
\@easy@vsizexxix=\dimen153
\@easy@hsizexxviii=\dimen154
\@easy@vsizexxviii=\dimen155
\@easy@hsizexxvii=\dimen156
\@easy@vsizexxvii=\dimen157
\@easy@hsizexxvi=\dimen158
\@easy@vsizexxvi=\dimen159
\@easy@hsizexxv=\dimen160
\@easy@vsizexxv=\dimen161
\@easy@hsizexxiv=\dimen162
\@easy@vsizexxiv=\dimen163
\@easy@hsizexxiii=\dimen164
\@easy@vsizexxiii=\dimen165
\@easy@hsizexxii=\dimen166
\@easy@vsizexxii=\dimen167
\@easy@hsizexxi=\dimen168
\@easy@vsizexxi=\dimen169
\@easy@hsizexx=\dimen170
\@easy@vsizexx=\dimen171
\@easy@hsizexix=\dimen172
\@easy@vsizexix=\dimen173
\@easy@hsizexviii=\dimen174
\@easy@vsizexviii=\dimen175
\@easy@hsizexvii=\dimen176
\@easy@vsizexvii=\dimen177
\@easy@hsizexvi=\dimen178
\@easy@vsizexvi=\dimen179
\@easy@hsizexv=\dimen180
\@easy@vsizexv=\dimen181
\@easy@hsizexiv=\dimen182
\@easy@vsizexiv=\dimen183
\@easy@hsizexiii=\dimen184
\@easy@vsizexiii=\dimen185
\@easy@hsizexii=\dimen186
\@easy@vsizexii=\dimen187
\@easy@hsizexi=\dimen188
\@easy@vsizexi=\dimen189
\@easy@hsizex=\dimen190
\@easy@vsizex=\dimen191
\@easy@hsizeix=\dimen192
\@easy@vsizeix=\dimen193
\@easy@hsizeviii=\dimen194
\@easy@vsizeviii=\dimen195
\@easy@hsizevii=\dimen196
\@easy@vsizevii=\dimen197
\@easy@hsizevi=\dimen198
\@easy@vsizevi=\dimen199
\@easy@hsizev=\dimen200
\@easy@vsizev=\dimen201
\@easy@hsizeiv=\dimen202
\@easy@vsizeiv=\dimen203
\@easy@hsizeiii=\dimen204
\@easy@vsizeiii=\dimen205
\@easy@hsizeii=\dimen206
\@easy@vsizeii=\dimen207
\@easy@hsizei=\dimen208
\@easy@vsizei=\dimen209
\@easy@dash@len=\dimen210
\@easy@dash@sep=\dimen211
)
Package: easybmat 2001/05/31 v1.1
\@bmat@size@rule=\dimen212
\@bmat@size@dash=\dimen213
) (/usr/local/texlive/2010/texmf-dist/tex/latex/footmisc/footmisc.sty
Package: footmisc 2009/09/15 v5.5a a miscellany of footnote facilities
\FN@temptoken=\toks23
\footnotemargin=\dimen214
\c@pp@next@reset=\count115
Package footmisc Info: Declaring symbol style bringhurst on input line 855.
Package footmisc Info: Declaring symbol style chicago on input line 863.
Package footmisc Info: Declaring symbol style wiley on input line 872.
Package footmisc Info: Declaring symbol style lamport-robust on input line 883.

Package footmisc Info: Declaring symbol style lamport* on input line 903.
Package footmisc Info: Declaring symbol style lamport*-robust on input line 924
.
)
(/usr/local/texlive/2010/texmf-dist/tex/latex/graphics/color.sty
Package: color 2005/11/14 v1.0j Standard LaTeX Color (DPC)

(/usr/local/texlive/2010/texmf-dist/tex/latex/latexconfig/color.cfg
File: color.cfg 2007/01/18 v1.5 color configuration of teTeX/TeXLive
)
Package color Info: Driver file: pdftex.def on input line 130.

(/usr/local/texlive/2010/texmf-dist/tex/latex/graphics/dvipsnam.def
File: dvipsnam.def 1999/02/16 v3.0i Driver-dependant file (DPC,SPQR)
))
(/usr/local/texlive/2010/texmf-dist/tex/latex/subfig/subfig.sty
Package: subfig 2005/06/28 ver: 1.3 subfig package

(/usr/local/texlive/2010/texmf-dist/tex/latex/caption/caption.sty
Package: caption 2010/01/09 v3.1m Customizing captions (AR)

(/usr/local/texlive/2010/texmf-dist/tex/latex/caption/caption3.sty
Package: caption3 2010/01/14 v3.1m caption3 kernel (AR)
\captionmargin=\dimen215
\captionmargin@=\dimen216
\captionwidth=\dimen217
\caption@indent=\dimen218
\caption@parindent=\dimen219
\caption@hangindent=\dimen220
)
\c@ContinuedFloat=\count116
Package caption Info: float package is loaded.
Package caption Info: subfigure package is loaded.
)
\c@KVtest=\count117
\sf@farskip=\skip56
\sf@captopadj=\dimen221
\sf@capskip=\skip57
\sf@nearskip=\skip58
\sf@top=\skip59
\sf@bottom=\skip60
)
(./paper_draft.aux)
\openout1 = `paper_draft.aux'.

LaTeX Font Info:    Checking defaults for OML/cmm/m/it on input line 56.
LaTeX Font Info:    ... okay on input line 56.
LaTeX Font Info:    Checking defaults for T1/cmr/m/n on input line 56.
LaTeX Font Info:    ... okay on input line 56.
LaTeX Font Info:    Checking defaults for OT1/cmr/m/n on input line 56.
LaTeX Font Info:    ... okay on input line 56.
LaTeX Font Info:    Checking defaults for OMS/cmsy/m/n on input line 56.
LaTeX Font Info:    ... okay on input line 56.
LaTeX Font Info:    Checking defaults for OMX/cmex/m/n on input line 56.
LaTeX Font Info:    ... okay on input line 56.
LaTeX Font Info:    Checking defaults for U/cmr/m/n on input line 56.
LaTeX Font Info:    ... okay on input line 56.

(/usr/local/texlive/2010/texmf-dist/tex/context/base/supp-pdf.mkii
[Loading MPS to PDF converter (version 2006.09.02).]
\scratchcounter=\count118
\scratchdimen=\dimen222
\scratchbox=\box38
\nofMPsegments=\count119
\nofMParguments=\count120
\everyMPshowfont=\toks24
\MPscratchCnt=\count121
\MPscratchDim=\dimen223
\MPnumerator=\count122
\everyMPtoPDFconversion=\toks25
) (/usr/local/texlive/2010/texmf-dist/tex/generic/oberdiek/pdftexcmds.sty
Package: pdftexcmds 2010/04/01 v0.9 Utility functions of pdfTeX for LuaTeX (HO)


(/usr/local/texlive/2010/texmf-dist/tex/generic/oberdiek/infwarerr.sty
Package: infwarerr 2010/04/08 v1.3 Providing info/warning/message (HO)
)
(/usr/local/texlive/2010/texmf-dist/tex/generic/oberdiek/ifluatex.sty
Package: ifluatex 2010/03/01 v1.3 Provides the ifluatex switch (HO)
Package ifluatex Info: LuaTeX not detected.
)
(/usr/local/texlive/2010/texmf-dist/tex/generic/oberdiek/ltxcmds.sty
Package: ltxcmds 2010/04/26 v1.7 LaTeX kernel commands for general use (HO)
)
Package pdftexcmds Info: LuaTeX not detected.
Package pdftexcmds Info: \pdf@primitive is available.
Package pdftexcmds Info: \pdf@ifprimitive is available.
)
(/usr/local/texlive/2010/texmf-dist/tex/latex/oberdiek/epstopdf-base.sty
Package: epstopdf-base 2010/02/09 v2.5 Base part for package epstopdf

(/usr/local/texlive/2010/texmf-dist/tex/latex/oberdiek/grfext.sty
Package: grfext 2007/09/30 v1.0 Managing graphics extensions (HO)
)
(/usr/local/texlive/2010/texmf-dist/tex/latex/oberdiek/kvoptions.sty
Package: kvoptions 2010/02/22 v3.7 Keyval support for LaTeX options (HO)

(/usr/local/texlive/2010/texmf-dist/tex/generic/oberdiek/kvsetkeys.sty
Package: kvsetkeys 2010/03/01 v1.9 Key value parser (HO)

(/usr/local/texlive/2010/texmf-dist/tex/generic/oberdiek/etexcmds.sty
Package: etexcmds 2010/01/28 v1.3 Prefix for e-TeX command names (HO)
Package etexcmds Info: Could not find \expanded.
(etexcmds)             That can mean that you are not using pdfTeX 1.50 or
(etexcmds)             that some package has redefined \expanded.
(etexcmds)             In the latter case, load this package earlier.
)))
Package grfext Info: Graphics extension search list:
(grfext)             [.png,.pdf,.jpg,.mps,.jpeg,.jbig2,.jb2,.PNG,.PDF,.JPG,.JPE
G,.JBIG2,.JB2,.eps]
(grfext)             \AppendGraphicsExtensions on input line 436.

(/usr/local/texlive/2010/texmf-dist/tex/latex/latexconfig/epstopdf-sys.cfg
File: epstopdf-sys.cfg 2010/07/13 v1.3 Configuration of (r)epstopdf for TeX Liv
e
))
Package caption Info: Begin \AtBeginDocument code.
Package caption3 Info: subfig package 1.2 or 1.3 is loaded.
LaTeX Info: Redefining \subref on input line 56.
Package caption Info: End \AtBeginDocument code.
LaTeX Font Info:    Try loading font information for U+msa on input line 63.

(/usr/local/texlive/2010/texmf-dist/tex/latex/amsfonts/umsa.fd
File: umsa.fd 2009/06/22 v3.00 AMS symbols A
)
LaTeX Font Info:    Try loading font information for U+msb on input line 63.

(/usr/local/texlive/2010/texmf-dist/tex/latex/amsfonts/umsb.fd
File: umsb.fd 2009/06/22 v3.00 AMS symbols B
)

LaTeX Font Warning: Font shape `OT1/cmss/m/it' in size <9> not available
(Font)              Font shape `OT1/cmss/m/sl' tried instead on input line 72.


LaTeX Font Warning: Font shape `OT1/cmss/bx/it' undefined
(Font)              using `OT1/cmss/bx/n' instead on input line 72.

[1

{/usr/local/texlive/2010/texmf-var/fonts/map/pdftex/updmap/pdftex.map}]
[2] [3] [4] [5] [6] <paths.png, id=32, 361.35pt x 361.35pt>
File: paths.png Graphic file (type png)
 <use paths.png>
Overfull \hbox (2.20987pt too wide) in paragraph at lines 164--170
\U/msb/m/n/9 Z[]$ \OT1/cmr/m/n/9 from pix-els present in re-gions con-tain-ing 
ob-jects are dis-tributed roughly
 []

[7 <./paths.png (PNG copy)>] [8] [9] [10] [11]
<gpuddpm_gm_1.pdf, id=57, 765.29315pt x 775.01091pt>
File: gpuddpm_gm_1.pdf Graphic file (type pdf)
 <use gpuddpm_gm_1.pdf>

LaTeX Warning: `h' float specifier changed to `ht'.

[12] [13 <./gpuddpm_gm_1.pdf>] <antpic2.png, id=302, 321.2pt x 240.9pt>
File: antpic2.png Graphic file (type png)

<use antpic2.png> <frame_diff_ants_1.png, id=303, 963.6pt x 545.78906pt>
File: frame_diff_ants_1.png Graphic file (type png)

<use frame_diff_ants_1.png> [14 <./antpic2.png (PNG copy)> <./frame_diff_ants_1
.png (PNG copy)>]
Overfull \hbox (34.13954pt too wide) detected at line 405
\U/msb/m/n/9 G[]\OT1/cmr/m/n/9 (\OML/cmm/m/it/9 ^^V[]; ^^U[]; m[]\OMS/cmsy/m/n/
9 j\OML/cmm/m/it/9 ^^V[]; n[]; a; b; q\OT1/cmr/m/n/9 ) = \OML/cmm/m/it/9 Dir\OT
1/cmr/m/n/9 (\OML/cmm/m/it/9 m[]\OMS/cmsy/m/n/9 j\OML/cmm/m/it/9 q\OT1/cmr/m/n/
9 ) [][\OMS/cmsy/m/n/9 N\OT1/cmr/m/n/9 (\OML/cmm/m/it/9 ^^V[]\OMS/cmsy/m/n/9 j\
OML/cmm/m/it/9 ^^V[]; n[]^^U[]\OT1/cmr/m/n/9 )\OML/cmm/m/it/9 Ga\OT1/cmr/m/n/9 
(\OML/cmm/m/it/9 ^^U[]\OMS/cmsy/m/n/9 j\OML/cmm/m/it/9 a; b\OT1/cmr/m/n/9 )]
 []

[15] [16] (./paper_draft.bbl
Missing character: There is no â in font cmti9!
Missing character: There is no € in font cmti9!
Missing character: There is no ™ in font cmti9!
 [17]
Missing character: There is no Ã in font cmti9!
Missing character: There is no ³ in font cmti9!

Underfull \hbox (badness 2495) in paragraph at lines 156--160
[]\OT1/cmr/m/n/9 J.M. McHugh, J. Kon-rad, V. Saligrama, and P.M. Jodoin.
 []

[18]
Missing character: There is no Ã in font cmti9!
Missing character: There is no ³ in font cmti9!
) [19] (./paper_draft.aux)

LaTeX Font Warning: Some font shapes were not available, defaults substituted.

 ) 
Here is how much of TeX's memory you used:
 4494 strings out of 493747
 65992 string characters out of 3143546
 139334 words of memory out of 3000000
 7696 multiletter control sequences out of 15000+200000
 14658 words of font info for 56 fonts, out of 3000000 for 9000
 714 hyphenation exceptions out of 8191
 44i,20n,42p,2569b,384s stack positions out of 5000i,500n,10000p,200000b,50000s
</usr/local/texlive/2010/texmf-dist/fonts/type1/public/amsfonts/cm/cmbx10.pfb
></usr/local/texlive/2010/texmf-dist/fonts/type1/public/amsfonts/cm/cmbx12.pfb>
</usr/local/texlive/2010/texmf-dist/fonts/type1/public/amsfonts/cm/cmbx9.pfb></
usr/local/texlive/2010/texmf-dist/fonts/type1/public/amsfonts/cmextra/cmex9.pfb
></usr/local/texlive/2010/texmf-dist/fonts/type1/public/amsfonts/cm/cmmi10.pfb>
</usr/local/texlive/2010/texmf-dist/fonts/type1/public/amsfonts/cm/cmmi5.pfb></
usr/local/texlive/2010/texmf-dist/fonts/type1/public/amsfonts/cm/cmmi6.pfb></us
r/local/texlive/2010/texmf-dist/fonts/type1/public/amsfonts/cm/cmmi9.pfb></usr/
local/texlive/2010/texmf-dist/fonts/type1/public/amsfonts/cm/cmr10.pfb></usr/lo
cal/texlive/2010/texmf-dist/fonts/type1/public/amsfonts/cm/cmr12.pfb></usr/loca
l/texlive/2010/texmf-dist/fonts/type1/public/amsfonts/cm/cmr17.pfb></usr/local/
texlive/2010/texmf-dist/fonts/type1/public/amsfonts/cm/cmr5.pfb></usr/local/tex
live/2010/texmf-dist/fonts/type1/public/amsfonts/cm/cmr6.pfb></usr/local/texliv
e/2010/texmf-dist/fonts/type1/public/amsfonts/cm/cmr7.pfb></usr/local/texlive/2
010/texmf-dist/fonts/type1/public/amsfonts/cm/cmr9.pfb></usr/local/texlive/2010
/texmf-dist/fonts/type1/public/amsfonts/cm/cmssbx10.pfb></usr/local/texlive/201
0/texmf-dist/fonts/type1/public/amsfonts/cm/cmsy5.pfb></usr/local/texlive/2010/
texmf-dist/fonts/type1/public/amsfonts/cm/cmsy6.pfb></usr/local/texlive/2010/te
xmf-dist/fonts/type1/public/amsfonts/cm/cmsy9.pfb></usr/local/texlive/2010/texm
f-dist/fonts/type1/public/amsfonts/cm/cmti9.pfb></usr/local/texlive/2010/texmf-
dist/fonts/type1/public/amsfonts/symbols/msbm10.pfb>
Output written on paper_draft.pdf (19 pages, 3521588 bytes).
PDF statistics:
 391 PDF objects out of 1000 (max. 8388607)
 249 compressed objects within 3 object streams
 0 named destinations out of 1000 (max. 500000)
 21 words of extra memory for PDF output out of 10000 (max. 10000000)

