This is pdfTeX, Version 3.1415926-1.40.11 (TeX Live 2010) (format=pdflatex 2010.7.21)  1 SEP 2011 04:33
entering extended mode
 \write18 enabled.
 file:line:error style messages enabled.
 %&-line parsing enabled.
**nips10submit_e.sty
(./nips10submit_e.sty
LaTeX2e <2009/09/24>
Babel <v3.8l> and hyphenation patterns for english, dumylang, nohyphenation, ge
rman-x-2009-06-19, ngerman-x-2009-06-19, ancientgreek, ibycus, arabic, armenian
, basque, bulgarian, catalan, pinyin, coptic, croatian, czech, danish, dutch, u
kenglish, usenglishmax, esperanto, estonian, farsi, finnish, french, galician, 
german, ngerman, swissgerman, monogreek, greek, hungarian, icelandic, assamese,
 bengali, gujarati, hindi, kannada, malayalam, marathi, oriya, panjabi, tamil, 
telugu, indonesian, interlingua, irish, italian, kurmanji, lao, latin, latvian,
 lithuanian, mongolian, mongolianlmc, bokmal, nynorsk, polish, portuguese, roma
nian, russian, sanskrit, serbian, slovak, slovenian, spanish, swedish, turkish,
 turkmen, ukrainian, uppersorbian, welsh, loaded.

./nips10submit_e.sty:28: LaTeX Error: \usepackage before \documentclass.

See the LaTeX manual or LaTeX Companion for explanation.
Type  H <return>  for immediate help.
 ...                                              
                                                  
l.28 \usepackage{
                 eso-pic} % used by \AddToShipoutPicture
? 

./nips10submit_e.sty:102: LaTeX Error: Environment abstract undefined.

See the LaTeX manual or LaTeX Companion for explanation.
Type  H <return>  for immediate help.
 ...                                              
                                                  
l.102 \renewenvironment{abstract}
                                 {\vskip.075in\centerline{\large\bf
? 
./nips10submit_e.sty:102: Emergency stop.
 ...                                              
                                                  
l.102 \renewenvironment{abstract}
                                 {\vskip.075in\centerline{\large\bf
Try typing  <return>  to proceed.
If that doesn't work, type  X <return>  to quit.

 
Here is how much of TeX's memory you used:
 21 strings out of 493747
 416 string characters out of 3143546
 49070 words of memory out of 3000000
 3410 multiletter control sequences out of 15000+200000
 4191 words of font info for 15 fonts, out of 3000000 for 9000
 714 hyphenation exceptions out of 8191
 7i,0n,5p,108b,14s stack positions out of 5000i,500n,10000p,200000b,50000s
./nips10submit_e.sty:102:  ==> Fatal error occurred, no output PDF file produce
d!
